  moc ShowRecord.hpp
  moc UserCabinet.hpp
  Database.cpp
  Record.cpp
  RegisterUser.cpp
  Registration.cpp
  ShowRecord.cpp
  UserCabinet.cpp
  WarningMessage.cpp
  Functions.cpp
D:\training_gym\PassKeeper\PassKeeper\UserCabinet.cpp(1,1): warning C4828: The file contains a character starting at offset 0xfca that is illegal in the current source character set (codepage 65001).
D:\training_gym\PassKeeper\PassKeeper\UserCabinet.cpp(1,1): warning C4828: The file contains a character starting at offset 0xfcc that is illegal in the current source character set (codepage 65001).
D:\training_gym\PassKeeper\PassKeeper\Functions.cpp(1,1): warning C4828: The file contains a character starting at offset 0x2be that is illegal in the current source character set (codepage 65001).
D:\training_gym\PassKeeper\PassKeeper\UserCabinet.cpp(1,1): warning C4828: The file contains a character starting at offset 0xfcf that is illegal in the current source character set (codepage 65001).
D:\training_gym\PassKeeper\PassKeeper\Functions.cpp(1,1): warning C4828: The file contains a character starting at offset 0x2c0 that is illegal in the current source character set (codepage 65001).
D:\training_gym\PassKeeper\PassKeeper\UserCabinet.cpp(1,1): warning C4828: The file contains a character starting at offset 0xfd2 that is illegal in the current source character set (codepage 65001).
D:\training_gym\PassKeeper\PassKeeper\Functions.cpp(1,1): warning C4828: The file contains a character starting at offset 0x2c3 that is illegal in the current source character set (codepage 65001).
D:\training_gym\PassKeeper\PassKeeper\UserCabinet.cpp(1,1): warning C4828: The file contains a character starting at offset 0xfd5 that is illegal in the current source character set (codepage 65001).
D:\training_gym\PassKeeper\PassKeeper\Functions.cpp(1,1): warning C4828: The file contains a character starting at offset 0x2c6 that is illegal in the current source character set (codepage 65001).
D:\training_gym\PassKeeper\PassKeeper\UserCabinet.cpp(1,1): warning C4828: The file contains a character starting at offset 0xfd8 that is illegal in the current source character set (codepage 65001).
D:\training_gym\PassKeeper\PassKeeper\Functions.cpp(1,1): warning C4828: The file contains a character starting at offset 0x2c9 that is illegal in the current source character set (codepage 65001).
D:\training_gym\PassKeeper\PassKeeper\UserCabinet.cpp(1,1): warning C4828: The file contains a character starting at offset 0xfdb that is illegal in the current source character set (codepage 65001).
D:\training_gym\PassKeeper\PassKeeper\Functions.cpp(1,1): warning C4828: The file contains a character starting at offset 0x2cd that is illegal in the current source character set (codepage 65001).
D:\training_gym\PassKeeper\PassKeeper\UserCabinet.cpp(1,1): warning C4828: The file contains a character starting at offset 0xfde that is illegal in the current source character set (codepage 65001).
D:\training_gym\PassKeeper\PassKeeper\Functions.cpp(1,1): warning C4828: The file contains a character starting at offset 0x2d0 that is illegal in the current source character set (codepage 65001).
D:\training_gym\PassKeeper\PassKeeper\UserCabinet.cpp(1,1): warning C4828: The file contains a character starting at offset 0xfe1 that is illegal in the current source character set (codepage 65001).
D:\training_gym\PassKeeper\PassKeeper\Functions.cpp(1,1): warning C4828: The file contains a character starting at offset 0x2d4 that is illegal in the current source character set (codepage 65001).
D:\training_gym\PassKeeper\PassKeeper\UserCabinet.cpp(1,1): warning C4828: The file contains a character starting at offset 0xfe4 that is illegal in the current source character set (codepage 65001).
D:\training_gym\PassKeeper\PassKeeper\UserCabinet.cpp(1,1): warning C4828: The file contains a character starting at offset 0xfe7 that is illegal in the current source character set (codepage 65001).
D:\training_gym\PassKeeper\PassKeeper\Functions.cpp(1,1): warning C4828: The file contains a character starting at offset 0x2d8 that is illegal in the current source character set (codepage 65001).
D:\training_gym\PassKeeper\PassKeeper\UserCabinet.cpp(1,1): warning C4828: The file contains a character starting at offset 0xfe8 that is illegal in the current source character set (codepage 65001).
D:\training_gym\PassKeeper\PassKeeper\Functions.cpp(1,1): warning C4828: The file contains a character starting at offset 0x2db that is illegal in the current source character set (codepage 65001).
D:\training_gym\PassKeeper\PassKeeper\UserCabinet.cpp(1,1): warning C4828: The file contains a character starting at offset 0xfeb that is illegal in the current source character set (codepage 65001).
D:\training_gym\PassKeeper\PassKeeper\Functions.cpp(1,1): warning C4828: The file contains a character starting at offset 0x2df that is illegal in the current source character set (codepage 65001).
D:\training_gym\PassKeeper\PassKeeper\Functions.cpp(1,1): warning C4828: The file contains a character starting at offset 0x2e3 that is illegal in the current source character set (codepage 65001).
D:\training_gym\PassKeeper\PassKeeper\UserCabinet.cpp(1,1): warning C4828: The file contains a character starting at offset 0xfee that is illegal in the current source character set (codepage 65001).
D:\training_gym\PassKeeper\PassKeeper\Functions.cpp(1,1): warning C4828: The file contains a character starting at offset 0x32f that is illegal in the current source character set (codepage 65001).
D:\training_gym\PassKeeper\PassKeeper\UserCabinet.cpp(1,1): warning C4828: The file contains a character starting at offset 0xff1 that is illegal in the current source character set (codepage 65001).
D:\training_gym\PassKeeper\PassKeeper\Functions.cpp(1,1): warning C4828: The file contains a character starting at offset 0x331 that is illegal in the current source character set (codepage 65001).
D:\training_gym\PassKeeper\PassKeeper\UserCabinet.cpp(1,1): warning C4828: The file contains a character starting at offset 0xff2 that is illegal in the current source character set (codepage 65001).
D:\training_gym\PassKeeper\PassKeeper\Functions.cpp(1,1): warning C4828: The file contains a character starting at offset 0x334 that is illegal in the current source character set (codepage 65001).
D:\training_gym\PassKeeper\PassKeeper\UserCabinet.cpp(1,1): warning C4828: The file contains a character starting at offset 0x1072 that is illegal in the current source character set (codepage 65001).
D:\training_gym\PassKeeper\PassKeeper\Functions.cpp(1,1): warning C4828: The file contains a character starting at offset 0x337 that is illegal in the current source character set (codepage 65001).
D:\training_gym\PassKeeper\PassKeeper\UserCabinet.cpp(1,1): warning C4828: The file contains a character starting at offset 0x1074 that is illegal in the current source character set (codepage 65001).
D:\training_gym\PassKeeper\PassKeeper\Functions.cpp(1,1): warning C4828: The file contains a character starting at offset 0x33a that is illegal in the current source character set (codepage 65001).
D:\training_gym\PassKeeper\PassKeeper\UserCabinet.cpp(1,1): warning C4828: The file contains a character starting at offset 0x1077 that is illegal in the current source character set (codepage 65001).
D:\training_gym\PassKeeper\PassKeeper\Functions.cpp(1,1): warning C4828: The file contains a character starting at offset 0x33d that is illegal in the current source character set (codepage 65001).
D:\training_gym\PassKeeper\PassKeeper\UserCabinet.cpp(1,1): warning C4828: The file contains a character starting at offset 0x107a that is illegal in the current source character set (codepage 65001).
D:\training_gym\PassKeeper\PassKeeper\Functions.cpp(1,1): warning C4828: The file contains a character starting at offset 0x340 that is illegal in the current source character set (codepage 65001).
D:\training_gym\PassKeeper\PassKeeper\UserCabinet.cpp(1,1): warning C4828: The file contains a character starting at offset 0x107d that is illegal in the current source character set (codepage 65001).
D:\training_gym\PassKeeper\PassKeeper\Functions.cpp(1,1): warning C4828: The file contains a character starting at offset 0x344 that is illegal in the current source character set (codepage 65001).
D:\training_gym\PassKeeper\PassKeeper\UserCabinet.cpp(1,1): warning C4828: The file contains a character starting at offset 0x1080 that is illegal in the current source character set (codepage 65001).
D:\training_gym\PassKeeper\PassKeeper\Functions.cpp(1,1): warning C4828: The file contains a character starting at offset 0x345 that is illegal in the current source character set (codepage 65001).
D:\training_gym\PassKeeper\PassKeeper\UserCabinet.cpp(1,1): warning C4828: The file contains a character starting at offset 0x1083 that is illegal in the current source character set (codepage 65001).
D:\training_gym\PassKeeper\PassKeeper\Functions.cpp(1,1): warning C4828: The file contains a character starting at offset 0x348 that is illegal in the current source character set (codepage 65001).
D:\training_gym\PassKeeper\PassKeeper\UserCabinet.cpp(1,1): warning C4828: The file contains a character starting at offset 0x1087 that is illegal in the current source character set (codepage 65001).
D:\training_gym\PassKeeper\PassKeeper\Functions.cpp(1,1): warning C4828: The file contains a character starting at offset 0x34b that is illegal in the current source character set (codepage 65001).
D:\training_gym\PassKeeper\PassKeeper\UserCabinet.cpp(1,1): warning C4828: The file contains a character starting at offset 0x108b that is illegal in the current source character set (codepage 65001).
D:\training_gym\PassKeeper\PassKeeper\Functions.cpp(1,1): warning C4828: The file contains a character starting at offset 0x34e that is illegal in the current source character set (codepage 65001).
D:\training_gym\PassKeeper\PassKeeper\UserCabinet.cpp(1,1): warning C4828: The file contains a character starting at offset 0x108e that is illegal in the current source character set (codepage 65001).
D:\training_gym\PassKeeper\PassKeeper\Functions.cpp(1,1): warning C4828: The file contains a character starting at offset 0x352 that is illegal in the current source character set (codepage 65001).
D:\training_gym\PassKeeper\PassKeeper\UserCabinet.cpp(1,1): warning C4828: The file contains a character starting at offset 0x1091 that is illegal in the current source character set (codepage 65001).
D:\training_gym\PassKeeper\PassKeeper\Functions.cpp(1,1): warning C4828: The file contains a character starting at offset 0x355 that is illegal in the current source character set (codepage 65001).
D:\training_gym\PassKeeper\PassKeeper\UserCabinet.cpp(1,1): warning C4828: The file contains a character starting at offset 0x1094 that is illegal in the current source character set (codepage 65001).
D:\training_gym\PassKeeper\PassKeeper\Functions.cpp(1,1): warning C4828: The file contains a character starting at offset 0x3a1 that is illegal in the current source character set (codepage 65001).
D:\training_gym\PassKeeper\PassKeeper\UserCabinet.cpp(1,1): warning C4828: The file contains a character starting at offset 0x11a9 that is illegal in the current source character set (codepage 65001).
D:\training_gym\PassKeeper\PassKeeper\Functions.cpp(1,1): warning C4828: The file contains a character starting at offset 0x3a3 that is illegal in the current source character set (codepage 65001).
D:\training_gym\PassKeeper\PassKeeper\Functions.cpp(1,1): warning C4828: The file contains a character starting at offset 0x3a6 that is illegal in the current source character set (codepage 65001).
D:\training_gym\PassKeeper\PassKeeper\UserCabinet.cpp(1,1): warning C4828: The file contains a character starting at offset 0x11ab that is illegal in the current source character set (codepage 65001).
D:\training_gym\PassKeeper\PassKeeper\Functions.cpp(1,1): warning C4828: The file contains a character starting at offset 0x3aa that is illegal in the current source character set (codepage 65001).
D:\training_gym\PassKeeper\PassKeeper\Functions.cpp(1,1): warning C4828: The file contains a character starting at offset 0x3ae that is illegal in the current source character set (codepage 65001).
D:\training_gym\PassKeeper\PassKeeper\UserCabinet.cpp(1,1): warning C4828: The file contains a character starting at offset 0x11ae that is illegal in the current source character set (codepage 65001).
D:\training_gym\PassKeeper\PassKeeper\Functions.cpp(1,1): warning C4828: The file contains a character starting at offset 0x3b1 that is illegal in the current source character set (codepage 65001).
D:\training_gym\PassKeeper\PassKeeper\UserCabinet.cpp(1,1): warning C4828: The file contains a character starting at offset 0x11b1 that is illegal in the current source character set (codepage 65001).
D:\training_gym\PassKeeper\PassKeeper\Functions.cpp(1,1): warning C4828: The file contains a character starting at offset 0x3b2 that is illegal in the current source character set (codepage 65001).
D:\training_gym\PassKeeper\PassKeeper\UserCabinet.cpp(1,1): warning C4828: The file contains a character starting at offset 0x11b4 that is illegal in the current source character set (codepage 65001).
D:\training_gym\PassKeeper\PassKeeper\Functions.cpp(1,1): warning C4828: The file contains a character starting at offset 0x3b5 that is illegal in the current source character set (codepage 65001).
D:\training_gym\PassKeeper\PassKeeper\UserCabinet.cpp(1,1): warning C4828: The file contains a character starting at offset 0x11b7 that is illegal in the current source character set (codepage 65001).
D:\training_gym\PassKeeper\PassKeeper\Functions.cpp(1,1): warning C4828: The file contains a character starting at offset 0x3b6 that is illegal in the current source character set (codepage 65001).
D:\training_gym\PassKeeper\PassKeeper\UserCabinet.cpp(1,1): warning C4828: The file contains a character starting at offset 0x11bb that is illegal in the current source character set (codepage 65001).
D:\training_gym\PassKeeper\PassKeeper\Functions.cpp(1,1): warning C4828: The file contains a character starting at offset 0x413 that is illegal in the current source character set (codepage 65001).
D:\training_gym\PassKeeper\PassKeeper\UserCabinet.cpp(1,1): warning C4828: The file contains a character starting at offset 0x11bf that is illegal in the current source character set (codepage 65001).
D:\training_gym\PassKeeper\PassKeeper\Functions.cpp(1,1): warning C4828: The file contains a character starting at offset 0x415 that is illegal in the current source character set (codepage 65001).
D:\training_gym\PassKeeper\PassKeeper\UserCabinet.cpp(1,1): warning C4828: The file contains a character starting at offset 0x11c2 that is illegal in the current source character set (codepage 65001).
D:\training_gym\PassKeeper\PassKeeper\Functions.cpp(1,1): warning C4828: The file contains a character starting at offset 0x418 that is illegal in the current source character set (codepage 65001).
D:\training_gym\PassKeeper\PassKeeper\UserCabinet.cpp(1,1): warning C4828: The file contains a character starting at offset 0x11c6 that is illegal in the current source character set (codepage 65001).
D:\training_gym\PassKeeper\PassKeeper\Functions.cpp(1,1): warning C4828: The file contains a character starting at offset 0x41c that is illegal in the current source character set (codepage 65001).
D:\training_gym\PassKeeper\PassKeeper\UserCabinet.cpp(1,1): warning C4828: The file contains a character starting at offset 0x1237 that is illegal in the current source character set (codepage 65001).
D:\training_gym\PassKeeper\PassKeeper\Functions.cpp(1,1): warning C4828: The file contains a character starting at offset 0x41f that is illegal in the current source character set (codepage 65001).
D:\training_gym\PassKeeper\PassKeeper\UserCabinet.cpp(1,1): warning C4828: The file contains a character starting at offset 0x1239 that is illegal in the current source character set (codepage 65001).
D:\training_gym\PassKeeper\PassKeeper\Functions.cpp(1,1): warning C4828: The file contains a character starting at offset 0x422 that is illegal in the current source character set (codepage 65001).
D:\training_gym\PassKeeper\PassKeeper\UserCabinet.cpp(1,1): warning C4828: The file contains a character starting at offset 0x123c that is illegal in the current source character set (codepage 65001).
D:\training_gym\PassKeeper\PassKeeper\Functions.cpp(1,1): warning C4828: The file contains a character starting at offset 0x425 that is illegal in the current source character set (codepage 65001).
D:\training_gym\PassKeeper\PassKeeper\UserCabinet.cpp(1,1): warning C4828: The file contains a character starting at offset 0x123d that is illegal in the current source character set (codepage 65001).
D:\training_gym\PassKeeper\PassKeeper\Functions.cpp(1,1): warning C4828: The file contains a character starting at offset 0x426 that is illegal in the current source character set (codepage 65001).
D:\training_gym\PassKeeper\PassKeeper\UserCabinet.cpp(1,1): warning C4828: The file contains a character starting at offset 0x1240 that is illegal in the current source character set (codepage 65001).
D:\training_gym\PassKeeper\PassKeeper\UserCabinet.cpp(1,1): warning C4828: The file contains a character starting at offset 0x1244 that is illegal in the current source character set (codepage 65001).
D:\training_gym\PassKeeper\PassKeeper\Functions.cpp(1,1): warning C4828: The file contains a character starting at offset 0x429 that is illegal in the current source character set (codepage 65001).
D:\training_gym\PassKeeper\PassKeeper\UserCabinet.cpp(1,1): warning C4828: The file contains a character starting at offset 0x1247 that is illegal in the current source character set (codepage 65001).
D:\training_gym\PassKeeper\PassKeeper\Functions.cpp(1,1): warning C4828: The file contains a character starting at offset 0x42a that is illegal in the current source character set (codepage 65001).
D:\training_gym\PassKeeper\PassKeeper\UserCabinet.cpp(1,1): warning C4828: The file contains a character starting at offset 0x124a that is illegal in the current source character set (codepage 65001).
D:\training_gym\PassKeeper\PassKeeper\Functions.cpp(1,1): warning C4828: The file contains a character starting at offset 0x42c that is illegal in the current source character set (codepage 65001).
D:\training_gym\PassKeeper\PassKeeper\UserCabinet.cpp(1,1): warning C4828: The file contains a character starting at offset 0x124d that is illegal in the current source character set (codepage 65001).
D:\training_gym\PassKeeper\PassKeeper\Functions.cpp(1,1): warning C4828: The file contains a character starting at offset 0x42f that is illegal in the current source character set (codepage 65001).
D:\training_gym\PassKeeper\PassKeeper\UserCabinet.cpp(1,1): warning C4828: The file contains a character starting at offset 0x1250 that is illegal in the current source character set (codepage 65001).
D:\training_gym\PassKeeper\PassKeeper\Functions.cpp(1,1): warning C4828: The file contains a character starting at offset 0x433 that is illegal in the current source character set (codepage 65001).
D:\training_gym\PassKeeper\PassKeeper\UserCabinet.cpp(1,1): warning C4828: The file contains a character starting at offset 0x1254 that is illegal in the current source character set (codepage 65001).
D:\training_gym\PassKeeper\PassKeeper\UserCabinet.cpp(1,1): warning C4828: The file contains a character starting at offset 0x1258 that is illegal in the current source character set (codepage 65001).
D:\training_gym\PassKeeper\PassKeeper\UserCabinet.cpp(1,1): warning C4828: The file contains a character starting at offset 0x125c that is illegal in the current source character set (codepage 65001).
D:\training_gym\PassKeeper\PassKeeper\UserCabinet.cpp(1,1): warning C4828: The file contains a character starting at offset 0x125f that is illegal in the current source character set (codepage 65001).
D:\training_gym\PassKeeper\PassKeeper\UserCabinet.cpp(1,1): warning C4828: The file contains a character starting at offset 0x1262 that is illegal in the current source character set (codepage 65001).
  main.cpp
  moc_Registration.cpp
  moc_Record.cpp
  moc_RegisterUser.cpp
  moc_WarningMessage.cpp
  moc_ShowRecord.cpp
  moc_UserCabinet.cpp
mysqlcppconn-static.lib(mysql_driver.obj) : warning LNK4099: PDB '' was not found with 'mysqlcppconn-static.lib(mysql_driver.obj)' or at ''; linking object as if no debug info
mysqlcppconn-static.lib(mysql_connection.obj) : warning LNK4099: PDB '' was not found with 'mysqlcppconn-static.lib(mysql_connection.obj)' or at ''; linking object as if no debug info
mysqlcppconn-static.lib(mysql_native_driver_wrapper.obj) : warning LNK4099: PDB '' was not found with 'mysqlcppconn-static.lib(mysql_native_driver_wrapper.obj)' or at ''; linking object as if no debug info
mysqlcppconn-static.lib(mysql_uri.obj) : warning LNK4099: PDB '' was not found with 'mysqlcppconn-static.lib(mysql_uri.obj)' or at ''; linking object as if no debug info
mysqlcppconn-static.lib(mysql_metadata.obj) : warning LNK4099: PDB '' was not found with 'mysqlcppconn-static.lib(mysql_metadata.obj)' or at ''; linking object as if no debug info
mysqlcppconn-static.lib(mysql_warning.obj) : warning LNK4099: PDB '' was not found with 'mysqlcppconn-static.lib(mysql_warning.obj)' or at ''; linking object as if no debug info
mysqlcppconn-static.lib(mysql_prepared_statement.obj) : warning LNK4099: PDB '' was not found with 'mysqlcppconn-static.lib(mysql_prepared_statement.obj)' or at ''; linking object as if no debug info
mysqlcppconn-static.lib(mysql_statement.obj) : warning LNK4099: PDB '' was not found with 'mysqlcppconn-static.lib(mysql_statement.obj)' or at ''; linking object as if no debug info
mysqlcppconn-static.lib(mysql_debug.obj) : warning LNK4099: PDB '' was not found with 'mysqlcppconn-static.lib(mysql_debug.obj)' or at ''; linking object as if no debug info
mysqlcppconn-static.lib(mysql_client_api.obj) : warning LNK4099: PDB '' was not found with 'mysqlcppconn-static.lib(mysql_client_api.obj)' or at ''; linking object as if no debug info
mysqlcppconn-static.lib(mysql_native_connection_wrapper.obj) : warning LNK4099: PDB '' was not found with 'mysqlcppconn-static.lib(mysql_native_connection_wrapper.obj)' or at ''; linking object as if no debug info
mysqlcppconn-static.lib(mysql_util.obj) : warning LNK4099: PDB '' was not found with 'mysqlcppconn-static.lib(mysql_util.obj)' or at ''; linking object as if no debug info
mysqlcppconn-static.lib(mysql_art_resultset.obj) : warning LNK4099: PDB '' was not found with 'mysqlcppconn-static.lib(mysql_art_resultset.obj)' or at ''; linking object as if no debug info
mysqlcppconn-static.lib(mysql_resultbind.obj) : warning LNK4099: PDB '' was not found with 'mysqlcppconn-static.lib(mysql_resultbind.obj)' or at ''; linking object as if no debug info
mysqlcppconn-static.lib(mysql_ps_resultset.obj) : warning LNK4099: PDB '' was not found with 'mysqlcppconn-static.lib(mysql_ps_resultset.obj)' or at ''; linking object as if no debug info
mysqlcppconn-static.lib(mysql_ps_resultset_metadata.obj) : warning LNK4099: PDB '' was not found with 'mysqlcppconn-static.lib(mysql_ps_resultset_metadata.obj)' or at ''; linking object as if no debug info
mysqlcppconn-static.lib(mysql_parameter_metadata.obj) : warning LNK4099: PDB '' was not found with 'mysqlcppconn-static.lib(mysql_parameter_metadata.obj)' or at ''; linking object as if no debug info
mysqlcppconn-static.lib(mysql_resultset.obj) : warning LNK4099: PDB '' was not found with 'mysqlcppconn-static.lib(mysql_resultset.obj)' or at ''; linking object as if no debug info
mysqlcppconn-static.lib(mysql_native_resultset_wrapper.obj) : warning LNK4099: PDB '' was not found with 'mysqlcppconn-static.lib(mysql_native_resultset_wrapper.obj)' or at ''; linking object as if no debug info
mysqlcppconn-static.lib(mysql_native_statement_wrapper.obj) : warning LNK4099: PDB '' was not found with 'mysqlcppconn-static.lib(mysql_native_statement_wrapper.obj)' or at ''; linking object as if no debug info
mysqlcppconn-static.lib(mysql_art_rset_metadata.obj) : warning LNK4099: PDB '' was not found with 'mysqlcppconn-static.lib(mysql_art_rset_metadata.obj)' or at ''; linking object as if no debug info
mysqlcppconn-static.lib(mysql_resultset_metadata.obj) : warning LNK4099: PDB '' was not found with 'mysqlcppconn-static.lib(mysql_resultset_metadata.obj)' or at ''; linking object as if no debug info
     Creating library D:\training_gym\PassKeeper\x64\Debug\PassKeeper.lib and object D:\training_gym\PassKeeper\x64\Debug\PassKeeper.exp
MSVCRT.lib(initializers.obj) : warning LNK4098: defaultlib 'msvcrtd.lib' conflicts with use of other libs; use /NODEFAULTLIB:library
  PassKeeper.vcxproj -> D:\training_gym\PassKeeper\x64\Debug\PassKeeper.exe
